2016/03/05 21:26:57 [error] [exception.CHttpException.404] exception 'CHttpException' with message 'Unable to resolve the request "main".' in /var/www/yii/framework/web/CWebApplication.php:286
Stack trace:
#0 /var/www/yii/framework/web/CWebApplication.php(141): CWebApplication->runController('')
#1 /var/www/yii/framework/base/CApplication.php(185): CWebApplication->processRequest()
#2 /var/www/html/bbtest/index.php(13): CApplication->run()
#3 {main}
REQUEST_URI=/bbtest/
---
2016/03/05 21:28:13 [error] [exception.CException] exception 'CException' with message 'MainController cannot find the requested view "index".' in /var/www/yii/framework/web/CController.php:878
Stack trace:
#0 /var/www/yii/framework/web/CController.php(782): CController->renderPartial('index', NULL, true)
#1 /var/www/html/bbtest/protected/controllers/MainController.php(9): CController->render('index')
#2 /var/www/yii/framework/web/actions/CInlineAction.php(49): MainController->actionIndex()
#3 /var/www/yii/framework/web/CController.php(308): CInlineAction->runWithParams(Array)
#4 /var/www/yii/framework/web/CController.php(286): CController->runAction(Object(CInlineAction))
#5 /var/www/yii/framework/web/CController.php(265): CController->runActionWithFilters(Object(CInlineAction), Array)
#6 /var/www/yii/framework/web/CWebApplication.php(282): CController->run('')
#7 /var/www/yii/framework/web/CWebApplication.php(141): CWebApplication->runController('')
#8 /var/www/yii/framework/base/CApplication.php(185): CWebApplication->processRequest()
#9 /var/www/html/bbtest/index.php(13): CApplication->run()
#10 {main}
REQUEST_URI=/bbtest/
---
